<?xml version="1.0" encoding="UTF-8"?>
<testng-results ignored="0" total="1" passed="1" failed="0" skipped="0">
  <reporter-output>
  </reporter-output>
  <suite started-at="2024-11-07T13:17:21 IST" name="Suite" finished-at="2024-11-07T13:17:47 IST" duration-ms="25638">
    <groups>
    </groups>
    <test started-at="2024-11-07T13:17:21 IST" name="Test" finished-at="2024-11-07T13:17:47 IST" duration-ms="25638">
      <class name="jenkins.TestngJenkinsExamples">
        <test-method signature="googleSrarch()[pri:0, instance:jenkins.TestngJenkinsExamples@53aad5d5]" started-at="2024-11-07T13:17:21 IST" name="googleSrarch" finished-at="2024-11-07T13:17:47 IST" duration-ms="25605" status="PASS">
          <reporter-output>
          </reporter-output>
        </test-method> <!-- googleSrarch -->
      </class> <!-- jenkins.TestngJenkinsExamples -->
    </test> <!-- Test -->
  </suite> <!-- Suite -->
</testng-results>
